{"/home/travis/build/npmtest/node-npmtest-image-watermark/test.js":{"path":"/home/travis/build/npmtest/node-npmtest-image-watermark/test.js","s":{"1":2,"2":2,"3":2,"4":2,"5":2,"6":2,"7":2,"8":1,"9":2,"10":2,"11":1,"12":1,"13":1,"14":1,"15":2,"16":2,"17":2,"18":2,"19":1,"20":1,"21":2,"22":2,"23":2,"24":1,"25":1,"26":1,"27":1,"28":1,"29":1,"30":1,"31":1,"32":1,"33":1,"34":1,"35":1,"36":1,"37":1,"38":1,"39":2,"40":2,"41":1,"42":2,"43":2,"44":1,"45":2,"46":2,"47":1,"48":2,"49":2,"50":1,"51":1,"52":1,"53":1,"54":1},"b":{"1":[2,1,1,1],"2":[1,1,1,1],"3":[1,1],"4":[1,1],"5":[1,1],"6":[1,1],"7":[1,1],"8":[1,1],"9":[1,1],"10":[1,1,1],"11":[1,1],"12":[1,1],"13":[1,1],"14":[1,1],"15":[1,1],"16":[1,1],"17":[1,1]},"f":{"1":2,"2":2,"3":2,"4":2,"5":2,"6":1,"7":1,"8":1,"9":2,"10":2,"11":2,"12":2,"13":1},"fnMap":{"1":{"name":"(anonymous_1)","line":12,"loc":{"start":{"line":12,"column":1},"end":{"line":12,"column":13}}},"2":{"name":"(anonymous_2)","line":19,"loc":{"start":{"line":19,"column":5},"end":{"line":19,"column":17}}},"3":{"name":"(anonymous_3)","line":23,"loc":{"start":{"line":23,"column":24},"end":{"line":23,"column":36}}},"4":{"name":"(anonymous_4)","line":61,"loc":{"start":{"line":61,"column":5},"end":{"line":61,"column":17}}},"5":{"name":"(anonymous_5)","line":82,"loc":{"start":{"line":82,"column":5},"end":{"line":82,"column":17}}},"6":{"name":"(anonymous_6)","line":91,"loc":{"start":{"line":91,"column":77},"end":{"line":94,"column":10}}},"7":{"name":"(anonymous_7)","line":112,"loc":{"start":{"line":112,"column":83},"end":{"line":115,"column":10}},"skip":true},"8":{"name":"(anonymous_8)","line":123,"loc":{"start":{"line":123,"column":77},"end":{"line":126,"column":10}},"skip":true},"9":{"name":"(anonymous_9)","line":139,"loc":{"start":{"line":139,"column":12},"end":{"line":139,"column":40}},"skip":true},"10":{"name":"(anonymous_10)","line":147,"loc":{"start":{"line":147,"column":77},"end":{"line":150,"column":10}},"skip":true},"11":{"name":"(anonymous_11)","line":158,"loc":{"start":{"line":158,"column":83},"end":{"line":161,"column":10}},"skip":true},"12":{"name":"(anonymous_12)","line":169,"loc":{"start":{"line":169,"column":79},"end":{"line":172,"column":10}},"skip":true},"13":{"name":"(anonymous_13)","line":180,"loc":{"start":{"line":180,"column":75},"end":{"line":183,"column":10}},"skip":true}},"statementMap":{"1":{"start":{"line":12,"column":0},"end":{"line":195,"column":5}},"2":{"start":{"line":14,"column":4},"end":{"line":14,"column":14}},"3":{"start":{"line":19,"column":4},"end":{"line":56,"column":9}},"4":{"start":{"line":21,"column":8},"end":{"line":21,"column":19}},"5":{"start":{"line":23,"column":8},"end":{"line":35,"column":13}},"6":{"start":{"line":24,"column":12},"end":{"line":34,"column":13}},"7":{"start":{"line":25,"column":16},"end":{"line":28,"column":30}},"8":{"start":{"line":30,"column":16},"end":{"line":33,"column":27}},"9":{"start":{"line":37,"column":8},"end":{"line":39,"column":21}},"10":{"start":{"line":40,"column":8},"end":{"line":53,"column":9}},"11":{"start":{"line":43,"column":12},"end":{"line":46,"column":14}},"12":{"start":{"line":47,"column":12},"end":{"line":47,"column":18}},"13":{"start":{"line":50,"column":12},"end":{"line":51,"column":33}},"14":{"start":{"line":52,"column":12},"end":{"line":52,"column":18}},"15":{"start":{"line":55,"column":8},"end":{"line":55,"column":35}},"16":{"start":{"line":61,"column":4},"end":{"line":63,"column":9}},"17":{"start":{"line":62,"column":8},"end":{"line":62,"column":15}},"18":{"start":{"line":64,"column":4},"end":{"line":77,"column":5}},"19":{"start":{"line":70,"column":8},"end":{"line":70,"column":14}},"20":{"start":{"line":76,"column":8},"end":{"line":76,"column":14}},"21":{"start":{"line":82,"column":4},"end":{"line":84,"column":9}},"22":{"start":{"line":83,"column":8},"end":{"line":83,"column":15}},"23":{"start":{"line":85,"column":4},"end":{"line":194,"column":5}},"24":{"start":{"line":91,"column":8},"end":{"line":99,"column":10}},"25":{"start":{"line":98,"column":12},"end":{"line":98,"column":35}},"26":{"start":{"line":102,"column":8},"end":{"line":104,"column":63}},"27":{"start":{"line":105,"column":8},"end":{"line":105,"column":14}},"28":{"start":{"line":112,"column":8},"end":{"line":121,"column":10},"skip":true},"29":{"start":{"line":119,"column":12},"end":{"line":119,"column":55},"skip":true},"30":{"start":{"line":120,"column":12},"end":{"line":120,"column":48},"skip":true},"31":{"start":{"line":123,"column":8},"end":{"line":136,"column":10},"skip":true},"32":{"start":{"line":130,"column":12},"end":{"line":130,"column":76},"skip":true},"33":{"start":{"line":131,"column":12},"end":{"line":131,"column":73},"skip":true},"34":{"start":{"line":132,"column":12},"end":{"line":132,"column":74},"skip":true},"35":{"start":{"line":133,"column":12},"end":{"line":133,"column":79},"skip":true},"36":{"start":{"line":134,"column":12},"end":{"line":134,"column":25},"skip":true},"37":{"start":{"line":135,"column":12},"end":{"line":135,"column":45},"skip":true},"38":{"start":{"line":138,"column":8},"end":{"line":145,"column":14},"skip":true},"39":{"start":{"line":143,"column":16},"end":{"line":143,"column":29},"skip":true},"40":{"start":{"line":144,"column":16},"end":{"line":144,"column":55},"skip":true},"41":{"start":{"line":147,"column":8},"end":{"line":156,"column":10},"skip":true},"42":{"start":{"line":154,"column":12},"end":{"line":154,"column":25},"skip":true},"43":{"start":{"line":155,"column":12},"end":{"line":155,"column":45},"skip":true},"44":{"start":{"line":158,"column":8},"end":{"line":167,"column":10},"skip":true},"45":{"start":{"line":165,"column":12},"end":{"line":165,"column":25},"skip":true},"46":{"start":{"line":166,"column":12},"end":{"line":166,"column":48},"skip":true},"47":{"start":{"line":169,"column":8},"end":{"line":178,"column":10},"skip":true},"48":{"start":{"line":176,"column":12},"end":{"line":176,"column":25},"skip":true},"49":{"start":{"line":177,"column":12},"end":{"line":177,"column":46},"skip":true},"50":{"start":{"line":180,"column":8},"end":{"line":189,"column":10},"skip":true},"51":{"start":{"line":187,"column":12},"end":{"line":187,"column":94},"skip":true},"52":{"start":{"line":188,"column":12},"end":{"line":188,"column":48},"skip":true},"53":{"start":{"line":192,"column":8},"end":{"line":192,"column":35},"skip":true},"54":{"start":{"line":193,"column":8},"end":{"line":193,"column":14},"skip":true}},"branchMap":{"1":{"line":25,"type":"binary-expr","locations":[{"start":{"line":25,"column":23},"end":{"line":25,"column":62}},{"start":{"line":26,"column":20},"end":{"line":26,"column":70}},{"start":{"line":27,"column":20},"end":{"line":27,"column":71}},{"start":{"line":28,"column":20},"end":{"line":28,"column":29}}]},"2":{"line":30,"type":"binary-expr","locations":[{"start":{"line":30,"column":23},"end":{"line":30,"column":37}},{"start":{"line":31,"column":20},"end":{"line":31,"column":61}},{"start":{"line":32,"column":20},"end":{"line":32,"column":70}},{"start":{"line":33,"column":20},"end":{"line":33,"column":26}}]},"3":{"line":37,"type":"cond-expr","locations":[{"start":{"line":38,"column":14},"end":{"line":38,"column":20}},{"start":{"line":39,"column":14},"end":{"line":39,"column":20}}]},"4":{"line":40,"type":"switch","locations":[{"start":{"line":42,"column":8},"end":{"line":47,"column":18}},{"start":{"line":49,"column":8},"end":{"line":52,"column":18}}]},"5":{"line":44,"type":"binary-expr","locations":[{"start":{"line":44,"column":16},"end":{"line":44,"column":44}},{"start":{"line":44,"column":48},"end":{"line":44,"column":66}}]},"6":{"line":50,"type":"binary-expr","locations":[{"start":{"line":50,"column":21},"end":{"line":50,"column":49}},{"start":{"line":50,"column":53},"end":{"line":50,"column":72}}]},"7":{"line":64,"type":"switch","locations":[{"start":{"line":69,"column":4},"end":{"line":70,"column":14}},{"start":{"line":75,"column":4},"end":{"line":76,"column":14}}]},"8":{"line":85,"type":"switch","locations":[{"start":{"line":90,"column":4},"end":{"line":105,"column":14}},{"start":{"line":111,"column":4},"end":{"line":193,"column":14},"skip":true}]},"9":{"line":91,"type":"binary-expr","locations":[{"start":{"line":91,"column":42},"end":{"line":91,"column":73}},{"start":{"line":91,"column":77},"end":{"line":99,"column":9}}]},"10":{"line":102,"type":"binary-expr","locations":[{"start":{"line":102,"column":18},"end":{"line":102,"column":32}},{"start":{"line":103,"column":12},"end":{"line":103,"column":53}},{"start":{"line":104,"column":12},"end":{"line":104,"column":61}}]},"11":{"line":112,"type":"binary-expr","locations":[{"start":{"line":112,"column":45},"end":{"line":112,"column":79},"skip":true},{"start":{"line":112,"column":83},"end":{"line":121,"column":9},"skip":true}]},"12":{"line":123,"type":"binary-expr","locations":[{"start":{"line":123,"column":42},"end":{"line":123,"column":73},"skip":true},{"start":{"line":123,"column":77},"end":{"line":136,"column":9},"skip":true}]},"13":{"line":138,"type":"binary-expr","locations":[{"start":{"line":138,"column":48},"end":{"line":138,"column":85},"skip":true},{"start":{"line":139,"column":12},"end":{"line":145,"column":13},"skip":true}]},"14":{"line":147,"type":"binary-expr","locations":[{"start":{"line":147,"column":42},"end":{"line":147,"column":73},"skip":true},{"start":{"line":147,"column":77},"end":{"line":156,"column":9},"skip":true}]},"15":{"line":158,"type":"binary-expr","locations":[{"start":{"line":158,"column":45},"end":{"line":158,"column":79},"skip":true},{"start":{"line":158,"column":83},"end":{"line":167,"column":9},"skip":true}]},"16":{"line":169,"type":"binary-expr","locations":[{"start":{"line":169,"column":43},"end":{"line":169,"column":75},"skip":true},{"start":{"line":169,"column":79},"end":{"line":178,"column":9},"skip":true}]},"17":{"line":180,"type":"binary-expr","locations":[{"start":{"line":180,"column":41},"end":{"line":180,"column":71},"skip":true},{"start":{"line":180,"column":75},"end":{"line":189,"column":9},"skip":true}]}},"code":["/* istanbul instrument in package npmtest_image_watermark */","/*jslint","    bitwise: true,","    browser: true,","    maxerr: 8,","    maxlen: 96,","    node: true,","    nomen: true,","    regexp: true,","    stupid: true","*/","(function () {","    'use strict';","    var local;","","","","    // run shared js-env code - init-before","    (function () {","        // init local","        local = {};","        // init modeJs","        local.modeJs = (function () {","            try {","                return typeof navigator.userAgent === 'string' &&","                    typeof document.querySelector('body') === 'object' &&","                    typeof XMLHttpRequest.prototype.open === 'function' &&","                    'browser';","            } catch (errorCaughtBrowser) {","                return module.exports &&","                    typeof process.versions.node === 'string' &&","                    typeof require('http').createServer === 'function' &&","                    'node';","            }","        }());","        // init global","        local.global = local.modeJs === 'browser'","            ? window","            : global;","        switch (local.modeJs) {","        // re-init local from window.local","        case 'browser':","            local = local.global.utility2.objectSetDefault(","                local.global.utility2_rollup || local.global.local,","                local.global.utility2","            );","            break;","        // re-init local from example.js","        case 'node':","            local = (local.global.utility2_rollup || require('utility2'))","                .requireReadme();","            break;","        }","        // export local","        local.global.local = local;","    }());","","","","    // run shared js-env code - function","    (function () {","        return;","    }());","    switch (local.modeJs) {","","","","    // run browser js-env code - function","    case 'browser':","        break;","","","","    // run node js-env code - function","    case 'node':","        break;","    }","","","","    // run shared js-env code - init-after","    (function () {","        return;","    }());","    switch (local.modeJs) {","","","","    // run browser js-env code - init-after","    case 'browser':","        local.testCase_browser_nullCase = local.testCase_browser_nullCase || function (","            options,","            onError","        ) {","        /*","         * this function will test browsers's null-case handling-behavior-behavior","         */","            onError(null, options);","        };","","        // run tests","        local.nop(local.modeTest &&","            document.querySelector('#testRunButton1') &&","            document.querySelector('#testRunButton1').click());","        break;","","","","    // run node js-env code - init-after","    /* istanbul ignore next */","    case 'node':","        local.testCase_buildApidoc_default = local.testCase_buildApidoc_default || function (","            options,","            onError","        ) {","        /*","         * this function will test buildApidoc's default handling-behavior-behavior","         */","            options = { modulePathList: module.paths };","            local.buildApidoc(options, onError);","        };","","        local.testCase_buildApp_default = local.testCase_buildApp_default || function (","            options,","            onError","        ) {","        /*","         * this function will test buildApp's default handling-behavior-behavior","         */","            local.testCase_buildReadme_default(options, local.onErrorThrow);","            local.testCase_buildLib_default(options, local.onErrorThrow);","            local.testCase_buildTest_default(options, local.onErrorThrow);","            local.testCase_buildCustomOrg_default(options, local.onErrorThrow);","            options = [];","            local.buildApp(options, onError);","        };","","        local.testCase_buildCustomOrg_default = local.testCase_buildCustomOrg_default ||","            function (options, onError) {","            /*","             * this function will test buildCustomOrg's default handling-behavior","             */","                options = {};","                local.buildCustomOrg(options, onError);","            };","","        local.testCase_buildLib_default = local.testCase_buildLib_default || function (","            options,","            onError","        ) {","        /*","         * this function will test buildLib's default handling-behavior","         */","            options = {};","            local.buildLib(options, onError);","        };","","        local.testCase_buildReadme_default = local.testCase_buildReadme_default || function (","            options,","            onError","        ) {","        /*","         * this function will test buildReadme's default handling-behavior-behavior","         */","            options = {};","            local.buildReadme(options, onError);","        };","","        local.testCase_buildTest_default = local.testCase_buildTest_default || function (","            options,","            onError","        ) {","        /*","         * this function will test buildTest's default handling-behavior","         */","            options = {};","            local.buildTest(options, onError);","        };","","        local.testCase_webpage_default = local.testCase_webpage_default || function (","            options,","            onError","        ) {","        /*","         * this function will test webpage's default handling-behavior","         */","            options = { modeCoverageMerge: true, url: local.serverLocalHost + '?modeTest=1' };","            local.browserTest(options, onError);","        };","","        // run test-server","        local.testRunServer(local);","        break;","    }","}());",""],"l":{"12":2,"14":2,"19":2,"21":2,"23":2,"24":2,"25":2,"30":1,"37":2,"40":2,"43":1,"47":1,"50":1,"52":1,"55":2,"61":2,"62":2,"64":2,"70":1,"76":1,"82":2,"83":2,"85":2,"91":1,"98":1,"102":1,"105":1,"112":1,"119":1,"120":1,"123":1,"130":1,"131":1,"132":1,"133":1,"134":1,"135":1,"138":1,"143":2,"144":2,"147":1,"154":2,"155":2,"158":1,"165":2,"166":2,"169":1,"176":2,"177":2,"180":1,"187":1,"188":1,"192":1,"193":1}},"/home/travis/build/npmtest/node-npmtest-image-watermark/lib.npmtest_image_watermark.js":{"path":"/home/travis/build/npmtest/node-npmtest-image-watermark/lib.npmtest_image_watermark.js","s":{"1":2,"2":2,"3":2,"4":2,"5":2,"6":2,"7":2,"8":1,"9":2,"10":2,"11":2,"12":2,"13":1,"14":1,"15":1,"16":1},"b":{"1":[2,1,1,1],"2":[1,1,1,1],"3":[1,1],"4":[2,2],"5":[1,1]},"f":{"1":2,"2":2,"3":2},"fnMap":{"1":{"name":"(anonymous_1)","line":12,"loc":{"start":{"line":12,"column":1},"end":{"line":12,"column":13}}},"2":{"name":"(anonymous_2)","line":19,"loc":{"start":{"line":19,"column":5},"end":{"line":19,"column":17}}},"3":{"name":"(anonymous_3)","line":23,"loc":{"start":{"line":23,"column":24},"end":{"line":23,"column":36}}}},"statementMap":{"1":{"start":{"line":12,"column":0},"end":{"line":53,"column":5}},"2":{"start":{"line":14,"column":4},"end":{"line":14,"column":14}},"3":{"start":{"line":19,"column":4},"end":{"line":52,"column":9}},"4":{"start":{"line":21,"column":8},"end":{"line":21,"column":19}},"5":{"start":{"line":23,"column":8},"end":{"line":35,"column":13}},"6":{"start":{"line":24,"column":12},"end":{"line":34,"column":13}},"7":{"start":{"line":25,"column":16},"end":{"line":28,"column":30}},"8":{"start":{"line":30,"column":16},"end":{"line":33,"column":27}},"9":{"start":{"line":37,"column":8},"end":{"line":39,"column":21}},"10":{"start":{"line":41,"column":8},"end":{"line":41,"column":54}},"11":{"start":{"line":43,"column":8},"end":{"line":43,"column":60}},"12":{"start":{"line":45,"column":8},"end":{"line":51,"column":9}},"13":{"start":{"line":46,"column":12},"end":{"line":46,"column":66}},"14":{"start":{"line":48,"column":12},"end":{"line":48,"column":35}},"15":{"start":{"line":49,"column":12},"end":{"line":49,"column":49}},"16":{"start":{"line":50,"column":12},"end":{"line":50,"column":43}}},"branchMap":{"1":{"line":25,"type":"binary-expr","locations":[{"start":{"line":25,"column":23},"end":{"line":25,"column":62}},{"start":{"line":26,"column":20},"end":{"line":26,"column":70}},{"start":{"line":27,"column":20},"end":{"line":27,"column":71}},{"start":{"line":28,"column":20},"end":{"line":28,"column":29}}]},"2":{"line":30,"type":"binary-expr","locations":[{"start":{"line":30,"column":23},"end":{"line":30,"column":37}},{"start":{"line":31,"column":20},"end":{"line":31,"column":61}},{"start":{"line":32,"column":20},"end":{"line":32,"column":70}},{"start":{"line":33,"column":20},"end":{"line":33,"column":26}}]},"3":{"line":37,"type":"cond-expr","locations":[{"start":{"line":38,"column":14},"end":{"line":38,"column":20}},{"start":{"line":39,"column":14},"end":{"line":39,"column":20}}]},"4":{"line":41,"type":"binary-expr","locations":[{"start":{"line":41,"column":16},"end":{"line":41,"column":44}},{"start":{"line":41,"column":48},"end":{"line":41,"column":53}}]},"5":{"line":45,"type":"if","locations":[{"start":{"line":45,"column":8},"end":{"line":45,"column":8}},{"start":{"line":45,"column":8},"end":{"line":45,"column":8}}]}},"code":["/* istanbul instrument in package npmtest_image_watermark */","/*jslint","    bitwise: true,","    browser: true,","    maxerr: 8,","    maxlen: 96,","    node: true,","    nomen: true,","    regexp: true,","    stupid: true","*/","(function () {","    'use strict';","    var local;","","","","    // run shared js-env code - init-before","    (function () {","        // init local","        local = {};","        // init modeJs","        local.modeJs = (function () {","            try {","                return typeof navigator.userAgent === 'string' &&","                    typeof document.querySelector('body') === 'object' &&","                    typeof XMLHttpRequest.prototype.open === 'function' &&","                    'browser';","            } catch (errorCaughtBrowser) {","                return module.exports &&","                    typeof process.versions.node === 'string' &&","                    typeof require('http').createServer === 'function' &&","                    'node';","            }","        }());","        // init global","        local.global = local.modeJs === 'browser'","            ? window","            : global;","        // init utility2_rollup","        local = local.global.utility2_rollup || local;","        // init lib","        local.local = local.npmtest_image_watermark = local;","        // init exports","        if (local.modeJs === 'browser') {","            local.global.utility2_npmtest_image_watermark = local;","        } else {","            module.exports = local;","            module.exports.__dirname = __dirname;","            module.exports.module = module;","        }","    }());","}());",""],"l":{"12":2,"14":2,"19":2,"21":2,"23":2,"24":2,"25":2,"30":1,"37":2,"41":2,"43":2,"45":2,"46":1,"48":1,"49":1,"50":1}},"/home/travis/build/npmtest/node-npmtest-image-watermark/example.js":{"path":"/home/travis/build/npmtest/node-npmtest-image-watermark/example.js","s":{"1":2,"2":2,"3":2,"4":2,"5":2,"6":2,"7":2,"8":1,"9":2,"10":2,"11":2,"12":2,"13":1,"14":2,"15":2,"16":2,"17":2,"18":2,"19":0,"20":2,"21":1,"22":1,"23":1,"24":1,"25":1,"26":0,"27":0,"28":1,"29":1,"30":2,"31":0,"32":0,"33":0,"34":1,"35":2,"36":2,"37":3,"38":3,"39":3,"40":3,"41":0,"42":3,"43":3,"44":3,"45":1,"46":3,"47":1,"48":1,"49":1,"50":1,"51":1,"52":1,"53":1,"54":1,"55":1,"56":1,"57":0,"58":1,"59":6,"60":6,"61":1,"62":2,"63":0,"64":2,"65":1,"66":1,"67":0,"68":0,"69":0,"70":0,"71":0,"72":0,"73":0,"74":0,"75":0,"76":0,"77":0,"78":0,"79":0,"80":0,"81":0,"82":0,"83":0},"b":{"1":[2,1,1,1],"2":[1,1,1,1],"3":[1,1],"4":[2,2],"5":[1,1],"6":[1,1],"7":[2,0],"8":[2,1,1,1,1,1],"9":[0,2,0],"10":[1,1],"11":[2,1,1],"12":[1,0],"13":[0,2],"14":[2,0,0,0,0,0,0],"15":[0,3],"16":[3,0],"17":[1,1],"18":[0,1],"19":[1,2,0,2],"20":[1,0],"21":[1,1],"22":[0,0],"23":[0,0],"24":[0,0],"25":[0,0],"26":[0,0],"27":[0,0],"28":[0,0]},"f":{"1":2,"2":2,"3":2,"4":2,"5":2,"6":2,"7":3,"8":3,"9":3,"10":1,"11":6,"12":0},"fnMap":{"1":{"name":"(anonymous_1)","line":26,"loc":{"start":{"line":26,"column":1},"end":{"line":26,"column":13}}},"2":{"name":"(anonymous_2)","line":33,"loc":{"start":{"line":33,"column":5},"end":{"line":33,"column":17}}},"3":{"name":"(anonymous_3)","line":37,"loc":{"start":{"line":37,"column":24},"end":{"line":37,"column":36}}},"4":{"name":"(anonymous_4)","line":69,"loc":{"start":{"line":69,"column":31},"end":{"line":69,"column":48}},"skip":true},"5":{"name":"(anonymous_5)","line":78,"loc":{"start":{"line":78,"column":26},"end":{"line":78,"column":45}},"skip":true},"6":{"name":"(anonymous_6)","line":123,"loc":{"start":{"line":123,"column":33},"end":{"line":123,"column":48}},"skip":true},"7":{"name":"(anonymous_7)","line":125,"loc":{"start":{"line":125,"column":27},"end":{"line":125,"column":39}},"skip":true},"8":{"name":"(anonymous_8)","line":133,"loc":{"start":{"line":133,"column":59},"end":{"line":133,"column":74}},"skip":true},"9":{"name":"(anonymous_9)","line":143,"loc":{"start":{"line":143,"column":45},"end":{"line":143,"column":62}},"skip":true},"10":{"name":"(anonymous_10)","line":144,"loc":{"start":{"line":144,"column":73},"end":{"line":144,"column":92}},"skip":true},"11":{"name":"(anonymous_11)","line":272,"loc":{"start":{"line":272,"column":51},"end":{"line":272,"column":77}},"skip":true},"12":{"name":"(anonymous_12)","line":315,"loc":{"start":{"line":315,"column":32},"end":{"line":315,"column":61}},"skip":true}},"statementMap":{"1":{"start":{"line":26,"column":0},"end":{"line":326,"column":5}},"2":{"start":{"line":28,"column":4},"end":{"line":28,"column":14}},"3":{"start":{"line":33,"column":4},"end":{"line":60,"column":9}},"4":{"start":{"line":35,"column":8},"end":{"line":35,"column":19}},"5":{"start":{"line":37,"column":8},"end":{"line":49,"column":13}},"6":{"start":{"line":38,"column":12},"end":{"line":48,"column":13}},"7":{"start":{"line":39,"column":16},"end":{"line":42,"column":30}},"8":{"start":{"line":44,"column":16},"end":{"line":47,"column":27}},"9":{"start":{"line":51,"column":8},"end":{"line":53,"column":21}},"10":{"start":{"line":55,"column":8},"end":{"line":57,"column":45}},"11":{"start":{"line":59,"column":8},"end":{"line":59,"column":35}},"12":{"start":{"line":61,"column":4},"end":{"line":325,"column":5}},"13":{"start":{"line":69,"column":8},"end":{"line":121,"column":10},"skip":true},"14":{"start":{"line":70,"column":12},"end":{"line":88,"column":13},"skip":true},"15":{"start":{"line":76,"column":16},"end":{"line":87,"column":19},"skip":true},"16":{"start":{"line":79,"column":20},"end":{"line":86,"column":21},"skip":true},"17":{"start":{"line":82,"column":24},"end":{"line":82,"column":43},"skip":true},"18":{"start":{"line":83,"column":24},"end":{"line":83,"column":30},"skip":true},"19":{"start":{"line":85,"column":24},"end":{"line":85,"column":49},"skip":true},"20":{"start":{"line":89,"column":12},"end":{"line":107,"column":13},"skip":true},"21":{"start":{"line":92,"column":16},"end":{"line":102,"column":17},"skip":true},"22":{"start":{"line":93,"column":20},"end":{"line":93,"column":86},"skip":true},"23":{"start":{"line":94,"column":20},"end":{"line":95,"column":45},"skip":true},"24":{"start":{"line":96,"column":20},"end":{"line":96,"column":42},"skip":true},"25":{"start":{"line":97,"column":20},"end":{"line":97,"column":48},"skip":true},"26":{"start":{"line":100,"column":20},"end":{"line":100,"column":85},"skip":true},"27":{"start":{"line":101,"column":20},"end":{"line":101,"column":96},"skip":true},"28":{"start":{"line":103,"column":16},"end":{"line":103,"column":22},"skip":true},"29":{"start":{"line":106,"column":16},"end":{"line":106,"column":22},"skip":true},"30":{"start":{"line":108,"column":12},"end":{"line":120,"column":13},"skip":true},"31":{"start":{"line":114,"column":16},"end":{"line":119,"column":17},"skip":true},"32":{"start":{"line":116,"column":20},"end":{"line":116,"column":78},"skip":true},"33":{"start":{"line":118,"column":20},"end":{"line":118,"column":47},"skip":true},"34":{"start":{"line":123,"column":8},"end":{"line":141,"column":11},"skip":true},"35":{"start":{"line":124,"column":12},"end":{"line":124,"column":54},"skip":true},"36":{"start":{"line":125,"column":12},"end":{"line":140,"column":14},"skip":true},"37":{"start":{"line":126,"column":16},"end":{"line":126,"column":28},"skip":true},"38":{"start":{"line":127,"column":16},"end":{"line":127,"column":69},"skip":true},"39":{"start":{"line":128,"column":16},"end":{"line":128,"column":75},"skip":true},"40":{"start":{"line":129,"column":16},"end":{"line":131,"column":17},"skip":true},"41":{"start":{"line":130,"column":20},"end":{"line":130,"column":27},"skip":true},"42":{"start":{"line":133,"column":16},"end":{"line":137,"column":36},"skip":true},"43":{"start":{"line":134,"column":20},"end":{"line":136,"column":55},"skip":true},"44":{"start":{"line":139,"column":16},"end":{"line":139,"column":57},"skip":true},"45":{"start":{"line":143,"column":8},"end":{"line":147,"column":11},"skip":true},"46":{"start":{"line":144,"column":12},"end":{"line":146,"column":15},"skip":true},"47":{"start":{"line":145,"column":16},"end":{"line":145,"column":70},"skip":true},"48":{"start":{"line":149,"column":8},"end":{"line":149,"column":31},"skip":true},"49":{"start":{"line":150,"column":8},"end":{"line":150,"column":14},"skip":true},"50":{"start":{"line":158,"column":8},"end":{"line":158,"column":31},"skip":true},"51":{"start":{"line":160,"column":8},"end":{"line":160,"column":33},"skip":true},"52":{"start":{"line":161,"column":8},"end":{"line":161,"column":37},"skip":true},"53":{"start":{"line":162,"column":8},"end":{"line":162,"column":35},"skip":true},"54":{"start":{"line":164,"column":8},"end":{"line":164,"column":50},"skip":true},"55":{"start":{"line":166,"column":8},"end":{"line":256,"column":2},"skip":true},"56":{"start":{"line":258,"column":8},"end":{"line":286,"column":9},"skip":true},"57":{"start":{"line":259,"column":12},"end":{"line":269,"column":14},"skip":true},"58":{"start":{"line":271,"column":12},"end":{"line":285,"column":19},"skip":true},"59":{"start":{"line":274,"column":20},"end":{"line":274,"column":35},"skip":true},"60":{"start":{"line":275,"column":20},"end":{"line":284,"column":21},"skip":true},"61":{"start":{"line":277,"column":24},"end":{"line":277,"column":64},"skip":true},"62":{"start":{"line":279,"column":24},"end":{"line":279,"column":40},"skip":true},"63":{"start":{"line":281,"column":24},"end":{"line":281,"column":40},"skip":true},"64":{"start":{"line":283,"column":24},"end":{"line":283,"column":39},"skip":true},"65":{"start":{"line":288,"column":8},"end":{"line":290,"column":9},"skip":true},"66":{"start":{"line":289,"column":12},"end":{"line":289,"column":18},"skip":true},"67":{"start":{"line":291,"column":8},"end":{"line":293,"column":54},"skip":true},"68":{"start":{"line":296,"column":8},"end":{"line":301,"column":37},"skip":true},"69":{"start":{"line":303,"column":8},"end":{"line":303,"column":82},"skip":true},"70":{"start":{"line":306,"column":8},"end":{"line":308,"column":9},"skip":true},"71":{"start":{"line":307,"column":12},"end":{"line":307,"column":82},"skip":true},"72":{"start":{"line":310,"column":8},"end":{"line":312,"column":9},"skip":true},"73":{"start":{"line":311,"column":12},"end":{"line":311,"column":18},"skip":true},"74":{"start":{"line":313,"column":8},"end":{"line":313,"column":54},"skip":true},"75":{"start":{"line":314,"column":8},"end":{"line":314,"column":69},"skip":true},"76":{"start":{"line":315,"column":8},"end":{"line":323,"column":36},"skip":true},"77":{"start":{"line":316,"column":12},"end":{"line":316,"column":61},"skip":true},"78":{"start":{"line":317,"column":12},"end":{"line":320,"column":13},"skip":true},"79":{"start":{"line":318,"column":16},"end":{"line":318,"column":75},"skip":true},"80":{"start":{"line":319,"column":16},"end":{"line":319,"column":23},"skip":true},"81":{"start":{"line":321,"column":12},"end":{"line":321,"column":38},"skip":true},"82":{"start":{"line":322,"column":12},"end":{"line":322,"column":27},"skip":true},"83":{"start":{"line":324,"column":8},"end":{"line":324,"column":14},"skip":true}},"branchMap":{"1":{"line":39,"type":"binary-expr","locations":[{"start":{"line":39,"column":23},"end":{"line":39,"column":62}},{"start":{"line":40,"column":20},"end":{"line":40,"column":70}},{"start":{"line":41,"column":20},"end":{"line":41,"column":71}},{"start":{"line":42,"column":20},"end":{"line":42,"column":29}}]},"2":{"line":44,"type":"binary-expr","locations":[{"start":{"line":44,"column":23},"end":{"line":44,"column":37}},{"start":{"line":45,"column":20},"end":{"line":45,"column":61}},{"start":{"line":46,"column":20},"end":{"line":46,"column":70}},{"start":{"line":47,"column":20},"end":{"line":47,"column":26}}]},"3":{"line":51,"type":"cond-expr","locations":[{"start":{"line":52,"column":14},"end":{"line":52,"column":20}},{"start":{"line":53,"column":14},"end":{"line":53,"column":20}}]},"4":{"line":55,"type":"binary-expr","locations":[{"start":{"line":55,"column":16},"end":{"line":55,"column":44}},{"start":{"line":55,"column":49},"end":{"line":57,"column":43}}]},"5":{"line":55,"type":"cond-expr","locations":[{"start":{"line":56,"column":14},"end":{"line":56,"column":59}},{"start":{"line":57,"column":14},"end":{"line":57,"column":43}}]},"6":{"line":61,"type":"switch","locations":[{"start":{"line":68,"column":4},"end":{"line":150,"column":14},"skip":true},{"start":{"line":156,"column":4},"end":{"line":324,"column":14},"skip":true}]},"7":{"line":70,"type":"if","locations":[{"start":{"line":70,"column":12},"end":{"line":70,"column":12},"skip":true},{"start":{"line":70,"column":12},"end":{"line":70,"column":12},"skip":true}]},"8":{"line":70,"type":"binary-expr","locations":[{"start":{"line":70,"column":16},"end":{"line":70,"column":22},"skip":true},{"start":{"line":70,"column":27},"end":{"line":70,"column":32},"skip":true},{"start":{"line":71,"column":20},"end":{"line":71,"column":39},"skip":true},{"start":{"line":72,"column":20},"end":{"line":72,"column":49},"skip":true},{"start":{"line":73,"column":20},"end":{"line":73,"column":58},"skip":true},{"start":{"line":74,"column":20},"end":{"line":74,"column":69},"skip":true}]},"9":{"line":79,"type":"switch","locations":[{"start":{"line":80,"column":20},"end":{"line":80,"column":33},"skip":true},{"start":{"line":81,"column":20},"end":{"line":83,"column":30},"skip":true},{"start":{"line":84,"column":20},"end":{"line":85,"column":49},"skip":true}]},"10":{"line":89,"type":"switch","locations":[{"start":{"line":90,"column":12},"end":{"line":103,"column":22},"skip":true},{"start":{"line":105,"column":12},"end":{"line":106,"column":22},"skip":true}]},"11":{"line":89,"type":"binary-expr","locations":[{"start":{"line":89,"column":20},"end":{"line":89,"column":25},"skip":true},{"start":{"line":89,"column":29},"end":{"line":89,"column":48},"skip":true},{"start":{"line":89,"column":52},"end":{"line":89,"column":74},"skip":true}]},"12":{"line":92,"type":"if","locations":[{"start":{"line":92,"column":16},"end":{"line":92,"column":16},"skip":true},{"start":{"line":92,"column":16},"end":{"line":92,"column":16},"skip":true}]},"13":{"line":108,"type":"if","locations":[{"start":{"line":108,"column":12},"end":{"line":108,"column":12},"skip":true},{"start":{"line":108,"column":12},"end":{"line":108,"column":12},"skip":true}]},"14":{"line":108,"type":"binary-expr","locations":[{"start":{"line":108,"column":16},"end":{"line":108,"column":61},"skip":true},{"start":{"line":108,"column":66},"end":{"line":108,"column":72},"skip":true},{"start":{"line":108,"column":77},"end":{"line":108,"column":82},"skip":true},{"start":{"line":109,"column":20},"end":{"line":109,"column":39},"skip":true},{"start":{"line":110,"column":20},"end":{"line":110,"column":49},"skip":true},{"start":{"line":111,"column":20},"end":{"line":111,"column":58},"skip":true},{"start":{"line":112,"column":20},"end":{"line":112,"column":68},"skip":true}]},"15":{"line":129,"type":"if","locations":[{"start":{"line":129,"column":16},"end":{"line":129,"column":16},"skip":true},{"start":{"line":129,"column":16},"end":{"line":129,"column":16},"skip":true}]},"16":{"line":134,"type":"cond-expr","locations":[{"start":{"line":135,"column":26},"end":{"line":135,"column":29},"skip":true},{"start":{"line":136,"column":26},"end":{"line":136,"column":54},"skip":true}]},"17":{"line":164,"type":"binary-expr","locations":[{"start":{"line":164,"column":27},"end":{"line":164,"column":43},"skip":true},{"start":{"line":164,"column":47},"end":{"line":164,"column":49},"skip":true}]},"18":{"line":258,"type":"if","locations":[{"start":{"line":258,"column":8},"end":{"line":258,"column":8},"skip":true},{"start":{"line":258,"column":8},"end":{"line":258,"column":8},"skip":true}]},"19":{"line":275,"type":"switch","locations":[{"start":{"line":276,"column":20},"end":{"line":277,"column":64},"skip":true},{"start":{"line":278,"column":20},"end":{"line":279,"column":40},"skip":true},{"start":{"line":280,"column":20},"end":{"line":281,"column":40},"skip":true},{"start":{"line":282,"column":20},"end":{"line":283,"column":39},"skip":true}]},"20":{"line":288,"type":"if","locations":[{"start":{"line":288,"column":8},"end":{"line":288,"column":8},"skip":true},{"start":{"line":288,"column":8},"end":{"line":288,"column":8},"skip":true}]},"21":{"line":288,"type":"binary-expr","locations":[{"start":{"line":288,"column":12},"end":{"line":288,"column":40},"skip":true},{"start":{"line":288,"column":44},"end":{"line":288,"column":67},"skip":true}]},"22":{"line":292,"type":"binary-expr","locations":[{"start":{"line":292,"column":12},"end":{"line":292,"column":50},"skip":true},{"start":{"line":293,"column":12},"end":{"line":293,"column":53},"skip":true}]},"23":{"line":297,"type":"binary-expr","locations":[{"start":{"line":297,"column":12},"end":{"line":297,"column":73},"skip":true},{"start":{"line":298,"column":12},"end":{"line":301,"column":36},"skip":true}]},"24":{"line":303,"type":"binary-expr","locations":[{"start":{"line":303,"column":43},"end":{"line":303,"column":75},"skip":true},{"start":{"line":303,"column":79},"end":{"line":303,"column":81},"skip":true}]},"25":{"line":306,"type":"if","locations":[{"start":{"line":306,"column":8},"end":{"line":306,"column":8},"skip":true},{"start":{"line":306,"column":8},"end":{"line":306,"column":8},"skip":true}]},"26":{"line":310,"type":"if","locations":[{"start":{"line":310,"column":8},"end":{"line":310,"column":8},"skip":true},{"start":{"line":310,"column":8},"end":{"line":310,"column":8},"skip":true}]},"27":{"line":313,"type":"binary-expr","locations":[{"start":{"line":313,"column":27},"end":{"line":313,"column":43},"skip":true},{"start":{"line":313,"column":47},"end":{"line":313,"column":53},"skip":true}]},"28":{"line":317,"type":"if","locations":[{"start":{"line":317,"column":12},"end":{"line":317,"column":12},"skip":true},{"start":{"line":317,"column":12},"end":{"line":317,"column":12},"skip":true}]}},"code":["/*","example.js","","quickstart example","","instruction","    1. save this script as example.js","    2. run the shell command:","        $ npm install npmtest-image-watermark && PORT=8081 node example.js","    3. play with the browser-demo on http://127.0.0.1:8081","*/","","","","/* istanbul instrument in package npmtest_image_watermark */","/*jslint","    bitwise: true,","    browser: true,","    maxerr: 8,","    maxlen: 96,","    node: true,","    nomen: true,","    regexp: true,","    stupid: true","*/","(function () {","    'use strict';","    var local;","","","","    // run shared js-env code - init-before","    (function () {","        // init local","        local = {};","        // init modeJs","        local.modeJs = (function () {","            try {","                return typeof navigator.userAgent === 'string' &&","                    typeof document.querySelector('body') === 'object' &&","                    typeof XMLHttpRequest.prototype.open === 'function' &&","                    'browser';","            } catch (errorCaughtBrowser) {","                return module.exports &&","                    typeof process.versions.node === 'string' &&","                    typeof require('http').createServer === 'function' &&","                    'node';","            }","        }());","        // init global","        local.global = local.modeJs === 'browser'","            ? window","            : global;","        // init utility2_rollup","        local = local.global.utility2_rollup || (local.modeJs === 'browser'","            ? local.global.utility2_npmtest_image_watermark","            : global.utility2_moduleExports);","        // export local","        local.global.local = local;","    }());","    switch (local.modeJs) {","","","","    // init-after","    // run browser js-env code - init-after","    /* istanbul ignore next */","    case 'browser':","        local.testRunBrowser = function (event) {","            if (!event || (event &&","                    event.currentTarget &&","                    event.currentTarget.className &&","                    event.currentTarget.className.includes &&","                    event.currentTarget.className.includes('onreset'))) {","                // reset output","                Array.from(","                    document.querySelectorAll('body > .resettable')","                ).forEach(function (element) {","                    switch (element.tagName) {","                    case 'INPUT':","                    case 'TEXTAREA':","                        element.value = '';","                        break;","                    default:","                        element.textContent = '';","                    }","                });","            }","            switch (event && event.currentTarget && event.currentTarget.id) {","            case 'testRunButton1':","                // show tests","                if (document.querySelector('#testReportDiv1').style.display === 'none') {","                    document.querySelector('#testReportDiv1').style.display = 'block';","                    document.querySelector('#testRunButton1').textContent =","                        'hide internal test';","                    local.modeTest = true;","                    local.testRunDefault(local);","                // hide tests","                } else {","                    document.querySelector('#testReportDiv1').style.display = 'none';","                    document.querySelector('#testRunButton1').textContent = 'run internal test';","                }","                break;","            // custom-case","            default:","                break;","            }","            if (document.querySelector('#inputTextareaEval1') && (!event || (event &&","                    event.currentTarget &&","                    event.currentTarget.className &&","                    event.currentTarget.className.includes &&","                    event.currentTarget.className.includes('oneval')))) {","                // try to eval input-code","                try {","                    /*jslint evil: true*/","                    eval(document.querySelector('#inputTextareaEval1').value);","                } catch (errorCaught) {","                    console.error(errorCaught);","                }","            }","        };","        // log stderr and stdout to #outputTextareaStdout1","        ['error', 'log'].forEach(function (key) {","            console[key + '_original'] = console[key];","            console[key] = function () {","                var element;","                console[key + '_original'].apply(console, arguments);","                element = document.querySelector('#outputTextareaStdout1');","                if (!element) {","                    return;","                }","                // append text to #outputTextareaStdout1","                element.value += Array.from(arguments).map(function (arg) {","                    return typeof arg === 'string'","                        ? arg","                        : JSON.stringify(arg, null, 4);","                }).join(' ') + '\\n';","                // scroll textarea to bottom","                element.scrollTop = element.scrollHeight;","            };","        });","        // init event-handling","        ['change', 'click', 'keyup'].forEach(function (event) {","            Array.from(document.querySelectorAll('.on' + event)).forEach(function (element) {","                element.addEventListener(event, local.testRunBrowser);","            });","        });","        // run tests","        local.testRunBrowser();","        break;","","","","    // run node js-env code - init-after","    /* istanbul ignore next */","    case 'node':","        // export local","        module.exports = local;","        // require modules","        local.fs = require('fs');","        local.http = require('http');","        local.url = require('url');","        // init assets","        local.assetsDict = local.assetsDict || {};","        /* jslint-ignore-begin */","        local.assetsDict['/assets.index.template.html'] = '\\","<!doctype html>\\n\\","<html lang=\"en\">\\n\\","<head>\\n\\","<meta charset=\"UTF-8\">\\n\\","<meta name=\"viewport\" content=\"width=device-width, initial-scale=1\">\\n\\","<title>{{env.npm_package_name}} (v{{env.npm_package_version}})</title>\\n\\","<style>\\n\\","/*csslint\\n\\","    box-sizing: false,\\n\\","    universal-selector: false\\n\\","*/\\n\\","* {\\n\\","    box-sizing: border-box;\\n\\","}\\n\\","body {\\n\\","    background: #dde;\\n\\","    font-family: Arial, Helvetica, sans-serif;\\n\\","    margin: 2rem;\\n\\","}\\n\\","body > * {\\n\\","    margin-bottom: 1rem;\\n\\","}\\n\\",".utility2FooterDiv {\\n\\","    margin-top: 20px;\\n\\","    text-align: center;\\n\\","}\\n\\","</style>\\n\\","<style>\\n\\","/*csslint\\n\\","*/\\n\\","textarea {\\n\\","    font-family: monospace;\\n\\","    height: 10rem;\\n\\","    width: 100%;\\n\\","}\\n\\","textarea[readonly] {\\n\\","    background: #ddd;\\n\\","}\\n\\","</style>\\n\\","</head>\\n\\","<body>\\n\\","<!-- utility2-comment\\n\\","<div id=\"ajaxProgressDiv1\" style=\"background: #d00; height: 2px; left: 0; margin: 0; padding: 0; position: fixed; top: 0; transition: background 0.5s, width 1.5s; width: 25%;\"></div>\\n\\","utility2-comment -->\\n\\","<h1>\\n\\","<!-- utility2-comment\\n\\","    <a\\n\\","        {{#if env.npm_package_homepage}}\\n\\","        href=\"{{env.npm_package_homepage}}\"\\n\\","        {{/if env.npm_package_homepage}}\\n\\","        target=\"_blank\"\\n\\","    >\\n\\","utility2-comment -->\\n\\","        {{env.npm_package_name}} (v{{env.npm_package_version}})\\n\\","<!-- utility2-comment\\n\\","    </a>\\n\\","utility2-comment -->\\n\\","</h1>\\n\\","<h3>{{env.npm_package_description}}</h3>\\n\\","<!-- utility2-comment\\n\\","<h4><a download href=\"assets.app.js\">download standalone app</a></h4>\\n\\","<button class=\"onclick onreset\" id=\"testRunButton1\">run internal test</button><br>\\n\\","<div id=\"testReportDiv1\" style=\"display: none;\"></div>\\n\\","utility2-comment -->\\n\\","\\n\\","\\n\\","\\n\\","<label>stderr and stdout</label>\\n\\","<textarea class=\"resettable\" id=\"outputTextareaStdout1\" readonly></textarea>\\n\\","<!-- utility2-comment\\n\\","{{#if isRollup}}\\n\\","<script src=\"assets.app.js\"></script>\\n\\","{{#unless isRollup}}\\n\\","utility2-comment -->\\n\\","<script src=\"assets.utility2.rollup.js\"></script>\\n\\","<script src=\"jsonp.utility2._stateInit?callback=window.utility2._stateInit\"></script>\\n\\","<script src=\"assets.npmtest_image_watermark.rollup.js\"></script>\\n\\","<script src=\"assets.example.js\"></script>\\n\\","<script src=\"assets.test.js\"></script>\\n\\","<!-- utility2-comment\\n\\","{{/if isRollup}}\\n\\","utility2-comment -->\\n\\","<div class=\"utility2FooterDiv\">\\n\\","    [ this app was created with\\n\\","    <a href=\"https://github.com/kaizhu256/node-utility2\" target=\"_blank\">utility2</a>\\n\\","    ]\\n\\","</div>\\n\\","</body>\\n\\","</html>\\n\\","';","        /* jslint-ignore-end */","        if (local.templateRender) {","            local.assetsDict['/'] = local.templateRender(","                local.assetsDict['/assets.index.template.html'],","                {","                    env: local.objectSetDefault(local.env, {","                        npm_package_description: 'the greatest app in the world!',","                        npm_package_name: 'my-app',","                        npm_package_nameAlias: 'my_app',","                        npm_package_version: '0.0.1'","                    })","                }","            );","        } else {","            local.assetsDict['/'] = local.assetsDict['/assets.index.template.html']","                .replace((/\\{\\{env\\.(\\w+?)\\}\\}/g), function (match0, match1) {","                    // jslint-hack","                    String(match0);","                    switch (match1) {","                    case 'npm_package_description':","                        return 'the greatest app in the world!';","                    case 'npm_package_name':","                        return 'my-app';","                    case 'npm_package_nameAlias':","                        return 'my_app';","                    case 'npm_package_version':","                        return '0.0.1';","                    }","                });","        }","        // run the cli","        if (local.global.utility2_rollup || module !== require.main) {","            break;","        }","        local.assetsDict['/assets.example.js'] =","            local.assetsDict['/assets.example.js'] ||","            local.fs.readFileSync(__filename, 'utf8');","        // bug-workaround - long $npm_package_buildCustomOrg","        /* jslint-ignore-begin */","        local.assetsDict['/assets.npmtest_image_watermark.rollup.js'] =","            local.assetsDict['/assets.npmtest_image_watermark.rollup.js'] ||","            local.fs.readFileSync(","                local.npmtest_image_watermark.__dirname + '/lib.npmtest_image_watermark.js',","                'utf8'","            ).replace((/^#!/), '//');","        /* jslint-ignore-end */","        local.assetsDict['/favicon.ico'] = local.assetsDict['/favicon.ico'] || '';","        // if $npm_config_timeout_exit exists,","        // then exit this process after $npm_config_timeout_exit ms","        if (Number(process.env.npm_config_timeout_exit)) {","            setTimeout(process.exit, Number(process.env.npm_config_timeout_exit));","        }","        // start server","        if (local.global.utility2_serverHttp1) {","            break;","        }","        process.env.PORT = process.env.PORT || '8081';","        console.error('server starting on port ' + process.env.PORT);","        local.http.createServer(function (request, response) {","            request.urlParsed = local.url.parse(request.url);","            if (local.assetsDict[request.urlParsed.pathname] !== undefined) {","                response.end(local.assetsDict[request.urlParsed.pathname]);","                return;","            }","            response.statusCode = 404;","            response.end();","        }).listen(process.env.PORT);","        break;","    }","}());",""],"l":{"26":2,"28":2,"33":2,"35":2,"37":2,"38":2,"39":2,"44":1,"51":2,"55":2,"59":2,"61":2,"69":1,"70":2,"76":2,"79":2,"82":2,"83":2,"85":1,"89":2,"92":1,"93":1,"94":1,"96":1,"97":1,"100":1,"101":1,"103":1,"106":1,"108":2,"114":1,"116":1,"118":1,"123":1,"124":2,"125":2,"126":3,"127":3,"128":3,"129":3,"130":1,"133":3,"134":3,"139":3,"143":1,"144":3,"145":1,"149":1,"150":1,"158":1,"160":1,"161":1,"162":1,"164":1,"166":1,"258":1,"259":1,"271":1,"274":6,"275":6,"277":1,"279":2,"281":1,"283":2,"288":1,"289":1,"291":1,"296":1,"303":1,"306":1,"307":1,"310":1,"311":1,"313":1,"314":1,"315":1,"316":1,"317":1,"318":1,"319":1,"321":1,"322":1,"324":1}},"/home/travis/build/npmtest/node-npmtest-image-watermark/node_modules/image-watermark/watermark.js":{"path":"/home/travis/build/npmtest/node-npmtest-image-watermark/node_modules/image-watermark/watermark.js","s":{"1":1,"2":1,"3":1,"4":0,"5":0,"6":0,"7":0,"8":0,"9":1,"10":0,"11":0,"12":0,"13":0,"14":0,"15":0,"16":0,"17":0,"18":0,"19":0,"20":0,"21":0,"22":0,"23":0,"24":0,"25":0,"26":0,"27":0,"28":0,"29":0,"30":0,"31":0,"32":0,"33":0,"34":0,"35":0,"36":0,"37":0,"38":0,"39":0,"40":0,"41":0,"42":0,"43":0,"44":0,"45":0,"46":0,"47":0,"48":0,"49":0,"50":0,"51":0,"52":0,"53":0,"54":0,"55":0,"56":0,"57":0,"58":0,"59":0,"60":0,"61":0,"62":0,"63":0,"64":0,"65":0,"66":0,"67":0,"68":0,"69":0,"70":0,"71":0,"72":0,"73":0,"74":0,"75":0,"76":0,"77":0,"78":0,"79":0,"80":0,"81":0,"82":0,"83":0,"84":0,"85":0,"86":0,"87":1,"88":0,"89":0,"90":0,"91":0,"92":0,"93":0,"94":0,"95":0,"96":0,"97":0,"98":0,"99":0,"100":0,"101":0,"102":0,"103":1,"104":0,"105":0,"106":0,"107":0,"108":0,"109":0,"110":0,"111":0,"112":0,"113":0,"114":0,"115":0,"116":0,"117":0,"118":0,"119":0,"120":0,"121":0,"122":0,"123":0,"124":0,"125":0,"126":0,"127":0,"128":0,"129":0,"130":0,"131":0,"132":1},"b":{"1":[0,0],"2":[0,0],"3":[0,0],"4":[0,0],"5":[0,0],"6":[0,0],"7":[0,0],"8":[0,0],"9":[0,0],"10":[0,0,0],"11":[0,0],"12":[0,0,0],"13":[0,0],"14":[0,0],"15":[0,0],"16":[0,0],"17":[0,0],"18":[0,0],"19":[0,0,0,0,0,0,0],"20":[0,0],"21":[0,0],"22":[0,0],"23":[0,0],"24":[0,0],"25":[0,0],"26":[0,0],"27":[0,0],"28":[0,0],"29":[0,0,0,0,0],"30":[0,0],"31":[0,0],"32":[0,0],"33":[0,0],"34":[0,0],"35":[0,0],"36":[0,0],"37":[0,0],"38":[0,0],"39":[0,0],"40":[0,0]},"f":{"1":0,"2":0,"3":0,"4":0,"5":0,"6":0,"7":0,"8":0,"9":0},"fnMap":{"1":{"name":"_isValidAlignment","line":30,"loc":{"start":{"line":30,"column":0},"end":{"line":30,"column":34}}},"2":{"name":"_parseOptions","line":48,"loc":{"start":{"line":48,"column":0},"end":{"line":48,"column":51}}},"3":{"name":"embedWatermark","line":178,"loc":{"start":{"line":178,"column":0},"end":{"line":178,"column":41}}},"4":{"name":"(anonymous_4)","line":194,"loc":{"start":{"line":194,"column":21},"end":{"line":194,"column":47}}},"5":{"name":"(anonymous_5)","line":200,"loc":{"start":{"line":200,"column":27},"end":{"line":200,"column":49}}},"6":{"name":"embedWatermarkWithCb","line":209,"loc":{"start":{"line":209,"column":0},"end":{"line":209,"column":57}}},"7":{"name":"(anonymous_7)","line":228,"loc":{"start":{"line":228,"column":18},"end":{"line":228,"column":39}}},"8":{"name":"(anonymous_8)","line":239,"loc":{"start":{"line":239,"column":23},"end":{"line":239,"column":49}}},"9":{"name":"(anonymous_9)","line":247,"loc":{"start":{"line":247,"column":34},"end":{"line":247,"column":56}}}},"statementMap":{"1":{"start":{"line":9,"column":0},"end":{"line":12,"column":33}},"2":{"start":{"line":14,"column":0},"end":{"line":22,"column":1}},"3":{"start":{"line":30,"column":0},"end":{"line":46,"column":1}},"4":{"start":{"line":31,"column":1},"end":{"line":32,"column":15}},"5":{"start":{"line":32,"column":2},"end":{"line":32,"column":15}},"6":{"start":{"line":42,"column":1},"end":{"line":43,"column":14}},"7":{"start":{"line":43,"column":2},"end":{"line":43,"column":14}},"8":{"start":{"line":45,"column":1},"end":{"line":45,"column":14}},"9":{"start":{"line":48,"column":0},"end":{"line":176,"column":1}},"10":{"start":{"line":50,"column":1},"end":{"line":50,"column":17}},"11":{"start":{"line":52,"column":1},"end":{"line":52,"column":29}},"12":{"start":{"line":53,"column":4},"end":{"line":53,"column":34}},"13":{"start":{"line":54,"column":4},"end":{"line":54,"column":34}},"14":{"start":{"line":55,"column":4},"end":{"line":55,"column":37}},"15":{"start":{"line":56,"column":4},"end":{"line":56,"column":88}},"16":{"start":{"line":57,"column":4},"end":{"line":57,"column":28}},"17":{"start":{"line":58,"column":4},"end":{"line":58,"column":73}},"18":{"start":{"line":59,"column":4},"end":{"line":60,"column":68}},"19":{"start":{"line":61,"column":4},"end":{"line":63,"column":25}},"20":{"start":{"line":66,"column":4},"end":{"line":67,"column":38}},"21":{"start":{"line":67,"column":5},"end":{"line":67,"column":38}},"22":{"start":{"line":70,"column":4},"end":{"line":71,"column":41}},"23":{"start":{"line":71,"column":5},"end":{"line":71,"column":41}},"24":{"start":{"line":74,"column":4},"end":{"line":75,"column":40}},"25":{"start":{"line":75,"column":5},"end":{"line":75,"column":40}},"26":{"start":{"line":78,"column":3},"end":{"line":81,"column":4}},"27":{"start":{"line":80,"column":4},"end":{"line":80,"column":24}},"28":{"start":{"line":84,"column":3},"end":{"line":95,"column":4}},"29":{"start":{"line":87,"column":4},"end":{"line":87,"column":48}},"30":{"start":{"line":89,"column":4},"end":{"line":90,"column":51}},"31":{"start":{"line":90,"column":5},"end":{"line":90,"column":51}},"32":{"start":{"line":92,"column":4},"end":{"line":94,"column":27}},"33":{"start":{"line":98,"column":3},"end":{"line":106,"column":4}},"34":{"start":{"line":100,"column":4},"end":{"line":100,"column":49}},"35":{"start":{"line":102,"column":4},"end":{"line":105,"column":30}},"36":{"start":{"line":103,"column":5},"end":{"line":105,"column":30}},"37":{"start":{"line":108,"column":3},"end":{"line":109,"column":25}},"38":{"start":{"line":111,"column":3},"end":{"line":118,"column":4}},"39":{"start":{"line":112,"column":4},"end":{"line":112,"column":35}},"40":{"start":{"line":114,"column":4},"end":{"line":114,"column":50}},"41":{"start":{"line":116,"column":4},"end":{"line":116,"column":38}},"42":{"start":{"line":117,"column":4},"end":{"line":117,"column":40}},"43":{"start":{"line":120,"column":3},"end":{"line":149,"column":4}},"44":{"start":{"line":122,"column":8},"end":{"line":122,"column":18}},"45":{"start":{"line":123,"column":8},"end":{"line":123,"column":56}},"46":{"start":{"line":124,"column":8},"end":{"line":124,"column":14}},"47":{"start":{"line":126,"column":8},"end":{"line":126,"column":20}},"48":{"start":{"line":127,"column":8},"end":{"line":127,"column":56}},"49":{"start":{"line":128,"column":8},"end":{"line":128,"column":14}},"50":{"start":{"line":130,"column":8},"end":{"line":130,"column":19}},"51":{"start":{"line":131,"column":8},"end":{"line":131,"column":57}},"52":{"start":{"line":132,"column":8},"end":{"line":132,"column":14}},"53":{"start":{"line":134,"column":8},"end":{"line":134,"column":20}},"54":{"start":{"line":135,"column":8},"end":{"line":135,"column":57}},"55":{"start":{"line":136,"column":8},"end":{"line":136,"column":14}},"56":{"start":{"line":138,"column":8},"end":{"line":138,"column":65}},"57":{"start":{"line":139,"column":8},"end":{"line":139,"column":106}},"58":{"start":{"line":140,"column":8},"end":{"line":140,"column":14}},"59":{"start":{"line":142,"column":8},"end":{"line":142,"column":60}},"60":{"start":{"line":143,"column":8},"end":{"line":143,"column":110}},"61":{"start":{"line":144,"column":8},"end":{"line":144,"column":14}},"62":{"start":{"line":146,"column":14},"end":{"line":146,"column":71}},"63":{"start":{"line":147,"column":14},"end":{"line":147,"column":112}},"64":{"start":{"line":148,"column":8},"end":{"line":148,"column":14}},"65":{"start":{"line":151,"column":4},"end":{"line":151,"column":18}},"66":{"start":{"line":152,"column":4},"end":{"line":152,"column":22}},"67":{"start":{"line":153,"column":4},"end":{"line":153,"column":23}},"68":{"start":{"line":154,"column":4},"end":{"line":154,"column":36}},"69":{"start":{"line":155,"column":4},"end":{"line":155,"column":25}},"70":{"start":{"line":156,"column":4},"end":{"line":156,"column":22}},"71":{"start":{"line":157,"column":4},"end":{"line":160,"column":5}},"72":{"start":{"line":158,"column":5},"end":{"line":158,"column":24}},"73":{"start":{"line":159,"column":5},"end":{"line":159,"column":21}},"74":{"start":{"line":161,"column":4},"end":{"line":161,"column":23}},"75":{"start":{"line":162,"column":4},"end":{"line":162,"column":25}},"76":{"start":{"line":163,"column":4},"end":{"line":163,"column":28}},"77":{"start":{"line":164,"column":4},"end":{"line":164,"column":25}},"78":{"start":{"line":165,"column":4},"end":{"line":165,"column":26}},"79":{"start":{"line":166,"column":4},"end":{"line":166,"column":24}},"80":{"start":{"line":167,"column":4},"end":{"line":167,"column":27}},"81":{"start":{"line":168,"column":4},"end":{"line":168,"column":21}},"82":{"start":{"line":169,"column":4},"end":{"line":169,"column":29}},"83":{"start":{"line":170,"column":4},"end":{"line":170,"column":26}},"84":{"start":{"line":172,"column":4},"end":{"line":172,"column":23}},"85":{"start":{"line":173,"column":4},"end":{"line":173,"column":35}},"86":{"start":{"line":175,"column":4},"end":{"line":175,"column":18}},"87":{"start":{"line":178,"column":0},"end":{"line":207,"column":1}},"88":{"start":{"line":180,"column":1},"end":{"line":181,"column":89}},"89":{"start":{"line":181,"column":2},"end":{"line":181,"column":89}},"90":{"start":{"line":184,"column":1},"end":{"line":184,"column":30}},"91":{"start":{"line":186,"column":1},"end":{"line":187,"column":92}},"92":{"start":{"line":187,"column":2},"end":{"line":187,"column":92}},"93":{"start":{"line":190,"column":1},"end":{"line":191,"column":27}},"94":{"start":{"line":191,"column":2},"end":{"line":191,"column":27}},"95":{"start":{"line":194,"column":1},"end":{"line":206,"column":4}},"96":{"start":{"line":195,"column":3},"end":{"line":196,"column":95}},"97":{"start":{"line":196,"column":4},"end":{"line":196,"column":95}},"98":{"start":{"line":198,"column":3},"end":{"line":198,"column":58}},"99":{"start":{"line":200,"column":3},"end":{"line":205,"column":6}},"100":{"start":{"line":201,"column":4},"end":{"line":204,"column":133}},"101":{"start":{"line":202,"column":6},"end":{"line":202,"column":92}},"102":{"start":{"line":204,"column":8},"end":{"line":204,"column":133}},"103":{"start":{"line":209,"column":0},"end":{"line":261,"column":1}},"104":{"start":{"line":211,"column":1},"end":{"line":211,"column":11}},"105":{"start":{"line":213,"column":1},"end":{"line":220,"column":2}},"106":{"start":{"line":216,"column":2},"end":{"line":216,"column":110}},"107":{"start":{"line":217,"column":8},"end":{"line":220,"column":2}},"108":{"start":{"line":218,"column":2},"end":{"line":218,"column":26}},"109":{"start":{"line":219,"column":2},"end":{"line":219,"column":17}},"110":{"start":{"line":222,"column":1},"end":{"line":225,"column":2}},"111":{"start":{"line":223,"column":2},"end":{"line":223,"column":97}},"112":{"start":{"line":224,"column":2},"end":{"line":224,"column":25}},"113":{"start":{"line":228,"column":1},"end":{"line":258,"column":4}},"114":{"start":{"line":229,"column":2},"end":{"line":257,"column":3}},"115":{"start":{"line":230,"column":3},"end":{"line":230,"column":104}},"116":{"start":{"line":231,"column":3},"end":{"line":231,"column":26}},"117":{"start":{"line":232,"column":9},"end":{"line":257,"column":3}},"118":{"start":{"line":235,"column":3},"end":{"line":236,"column":29}},"119":{"start":{"line":236,"column":4},"end":{"line":236,"column":29}},"120":{"start":{"line":239,"column":3},"end":{"line":256,"column":6}},"121":{"start":{"line":240,"column":4},"end":{"line":243,"column":7}},"122":{"start":{"line":241,"column":7},"end":{"line":241,"column":106}},"123":{"start":{"line":242,"column":7},"end":{"line":242,"column":30}},"124":{"start":{"line":245,"column":6},"end":{"line":245,"column":61}},"125":{"start":{"line":247,"column":10},"end":{"line":255,"column":13}},"126":{"start":{"line":248,"column":14},"end":{"line":254,"column":15}},"127":{"start":{"line":249,"column":15},"end":{"line":249,"column":113}},"128":{"start":{"line":250,"column":15},"end":{"line":250,"column":38}},"129":{"start":{"line":252,"column":15},"end":{"line":252,"column":146}},"130":{"start":{"line":253,"column":15},"end":{"line":253,"column":37}},"131":{"start":{"line":260,"column":1},"end":{"line":260,"column":8}},"132":{"start":{"line":264,"column":0},"end":{"line":270,"column":2}}},"branchMap":{"1":{"line":31,"type":"if","locations":[{"start":{"line":31,"column":1},"end":{"line":31,"column":1}},{"start":{"line":31,"column":1},"end":{"line":31,"column":1}}]},"2":{"line":42,"type":"if","locations":[{"start":{"line":42,"column":1},"end":{"line":42,"column":1}},{"start":{"line":42,"column":1},"end":{"line":42,"column":1}}]},"3":{"line":56,"type":"cond-expr","locations":[{"start":{"line":56,"column":51},"end":{"line":56,"column":78}},{"start":{"line":56,"column":81},"end":{"line":56,"column":87}}]},"4":{"line":58,"type":"cond-expr","locations":[{"start":{"line":58,"column":34},"end":{"line":58,"column":48}},{"start":{"line":58,"column":51},"end":{"line":58,"column":72}}]},"5":{"line":59,"type":"cond-expr","locations":[{"start":{"line":59,"column":39},"end":{"line":59,"column":54}},{"start":{"line":60,"column":9},"end":{"line":60,"column":67}}]},"6":{"line":66,"type":"if","locations":[{"start":{"line":66,"column":4},"end":{"line":66,"column":4}},{"start":{"line":66,"column":4},"end":{"line":66,"column":4}}]},"7":{"line":70,"type":"if","locations":[{"start":{"line":70,"column":4},"end":{"line":70,"column":4}},{"start":{"line":70,"column":4},"end":{"line":70,"column":4}}]},"8":{"line":74,"type":"if","locations":[{"start":{"line":74,"column":4},"end":{"line":74,"column":4}},{"start":{"line":74,"column":4},"end":{"line":74,"column":4}}]},"9":{"line":78,"type":"if","locations":[{"start":{"line":78,"column":3},"end":{"line":78,"column":3}},{"start":{"line":78,"column":3},"end":{"line":78,"column":3}}]},"10":{"line":78,"type":"binary-expr","locations":[{"start":{"line":78,"column":7},"end":{"line":78,"column":32}},{"start":{"line":78,"column":36},"end":{"line":78,"column":79}},{"start":{"line":79,"column":7},"end":{"line":79,"column":54}}]},"11":{"line":84,"type":"if","locations":[{"start":{"line":84,"column":3},"end":{"line":84,"column":3}},{"start":{"line":84,"column":3},"end":{"line":84,"column":3}}]},"12":{"line":84,"type":"binary-expr","locations":[{"start":{"line":84,"column":7},"end":{"line":84,"column":31}},{"start":{"line":84,"column":35},"end":{"line":84,"column":77}},{"start":{"line":85,"column":4},"end":{"line":85,"column":50}}]},"13":{"line":89,"type":"if","locations":[{"start":{"line":89,"column":4},"end":{"line":89,"column":4}},{"start":{"line":89,"column":4},"end":{"line":89,"column":4}}]},"14":{"line":89,"type":"binary-expr","locations":[{"start":{"line":89,"column":8},"end":{"line":89,"column":36}},{"start":{"line":89,"column":40},"end":{"line":89,"column":63}}]},"15":{"line":98,"type":"if","locations":[{"start":{"line":98,"column":3},"end":{"line":98,"column":3}},{"start":{"line":98,"column":3},"end":{"line":98,"column":3}}]},"16":{"line":102,"type":"if","locations":[{"start":{"line":102,"column":4},"end":{"line":102,"column":4}},{"start":{"line":102,"column":4},"end":{"line":102,"column":4}}]},"17":{"line":102,"type":"binary-expr","locations":[{"start":{"line":102,"column":8},"end":{"line":102,"column":12}},{"start":{"line":102,"column":16},"end":{"line":102,"column":30}}]},"18":{"line":111,"type":"if","locations":[{"start":{"line":111,"column":3},"end":{"line":111,"column":3}},{"start":{"line":111,"column":3},"end":{"line":111,"column":3}}]},"19":{"line":120,"type":"switch","locations":[{"start":{"line":121,"column":4},"end":{"line":124,"column":14}},{"start":{"line":125,"column":4},"end":{"line":128,"column":14}},{"start":{"line":129,"column":4},"end":{"line":132,"column":14}},{"start":{"line":133,"column":4},"end":{"line":136,"column":14}},{"start":{"line":137,"column":4},"end":{"line":140,"column":14}},{"start":{"line":141,"column":4},"end":{"line":144,"column":14}},{"start":{"line":145,"column":4},"end":{"line":148,"column":14}}]},"20":{"line":157,"type":"if","locations":[{"start":{"line":157,"column":4},"end":{"line":157,"column":4}},{"start":{"line":157,"column":4},"end":{"line":157,"column":4}}]},"21":{"line":180,"type":"if","locations":[{"start":{"line":180,"column":1},"end":{"line":180,"column":1}},{"start":{"line":180,"column":1},"end":{"line":180,"column":1}}]},"22":{"line":180,"type":"binary-expr","locations":[{"start":{"line":180,"column":5},"end":{"line":180,"column":12}},{"start":{"line":180,"column":16},"end":{"line":180,"column":28}}]},"23":{"line":186,"type":"if","locations":[{"start":{"line":186,"column":1},"end":{"line":186,"column":1}},{"start":{"line":186,"column":1},"end":{"line":186,"column":1}}]},"24":{"line":190,"type":"if","locations":[{"start":{"line":190,"column":1},"end":{"line":190,"column":1}},{"start":{"line":190,"column":1},"end":{"line":190,"column":1}}]},"25":{"line":190,"type":"binary-expr","locations":[{"start":{"line":190,"column":5},"end":{"line":190,"column":13}},{"start":{"line":190,"column":17},"end":{"line":190,"column":44}}]},"26":{"line":195,"type":"if","locations":[{"start":{"line":195,"column":3},"end":{"line":195,"column":3}},{"start":{"line":195,"column":3},"end":{"line":195,"column":3}}]},"27":{"line":201,"type":"if","locations":[{"start":{"line":201,"column":4},"end":{"line":201,"column":4}},{"start":{"line":201,"column":4},"end":{"line":201,"column":4}}]},"28":{"line":213,"type":"if","locations":[{"start":{"line":213,"column":1},"end":{"line":213,"column":1}},{"start":{"line":213,"column":1},"end":{"line":213,"column":1}}]},"29":{"line":213,"type":"binary-expr","locations":[{"start":{"line":213,"column":6},"end":{"line":213,"column":26}},{"start":{"line":214,"column":3},"end":{"line":214,"column":25}},{"start":{"line":214,"column":29},"end":{"line":214,"column":61}},{"start":{"line":215,"column":3},"end":{"line":215,"column":23}},{"start":{"line":215,"column":27},"end":{"line":215,"column":59}}]},"30":{"line":217,"type":"if","locations":[{"start":{"line":217,"column":8},"end":{"line":217,"column":8}},{"start":{"line":217,"column":8},"end":{"line":217,"column":8}}]},"31":{"line":217,"type":"binary-expr","locations":[{"start":{"line":217,"column":12},"end":{"line":217,"column":34}},{"start":{"line":217,"column":38},"end":{"line":217,"column":69}}]},"32":{"line":222,"type":"if","locations":[{"start":{"line":222,"column":1},"end":{"line":222,"column":1}},{"start":{"line":222,"column":1},"end":{"line":222,"column":1}}]},"33":{"line":222,"type":"binary-expr","locations":[{"start":{"line":222,"column":5},"end":{"line":222,"column":12}},{"start":{"line":222,"column":16},"end":{"line":222,"column":28}}]},"34":{"line":229,"type":"if","locations":[{"start":{"line":229,"column":2},"end":{"line":229,"column":2}},{"start":{"line":229,"column":2},"end":{"line":229,"column":2}}]},"35":{"line":229,"type":"binary-expr","locations":[{"start":{"line":229,"column":6},"end":{"line":229,"column":9}},{"start":{"line":229,"column":13},"end":{"line":229,"column":28}}]},"36":{"line":232,"type":"if","locations":[{"start":{"line":232,"column":9},"end":{"line":232,"column":9}},{"start":{"line":232,"column":9},"end":{"line":232,"column":9}}]},"37":{"line":235,"type":"if","locations":[{"start":{"line":235,"column":3},"end":{"line":235,"column":3}},{"start":{"line":235,"column":3},"end":{"line":235,"column":3}}]},"38":{"line":235,"type":"binary-expr","locations":[{"start":{"line":235,"column":7},"end":{"line":235,"column":15}},{"start":{"line":235,"column":19},"end":{"line":235,"column":46}}]},"39":{"line":240,"type":"if","locations":[{"start":{"line":240,"column":4},"end":{"line":240,"column":4}},{"start":{"line":240,"column":4},"end":{"line":240,"column":4}}]},"40":{"line":248,"type":"if","locations":[{"start":{"line":248,"column":14},"end":{"line":248,"column":14}},{"start":{"line":248,"column":14},"end":{"line":248,"column":14}}]}},"code":["/**","*","*\tA powerful watermark library","*   based on ImageMagick for node.js","*","**/","","// System Imports","var fs \t   = require('fs'),","\tim     = require('imagemagick'),","\tpath   = require('path'),","\tratify = require('node-ratify');","","var defaultOptions = {","\t'text' \t\t\t\t    : 'Sample watermark',","\t'override-image'\t: false,","\t'change-format'\t\t: false,","\t'output-format'\t\t: 'jpg',","\t'position'\t\t\t  : 'Center',","\t'color'\t\t\t\t    : 'rgba(0,0,0,0.4)',","\t'resize' \t\t\t    : '100%'","}","","//","// Check if the alignment passed","// is a valid alignment value","//","// Possible values of align are : dia1, dia2, ttb, btt, ltr, rtl","//","function _isValidAlignment(align) {","\tif (ratify.isEmpty(align))","\t\treturn false;","","\t//","\t// dia1 : Diagonal 1","\t// dia2 : Diagonal 2","\t// ttb : top to bottom","\t// btt : bottom to top","\t// ltr : left to right","\t// rtl : right to left","\t//","\tif (['dia1', 'dia2', 'ttb', 'btt', 'ltr', 'rtl'].indexOf(align.toLowerCase()) > -1)","\t\treturn true;","","\treturn false;","}","","function _parseOptions(imageData, source, options) {","","\tvar retObj = {};","","\tvar width = imageData.width;","    var height = imageData.height;","    var fillColor = options.color;","    var watermarkText = options.text;","    var align = _isValidAlignment(options.align) ? options.align.toLowerCase() : 'dia1';","    var font = options.font;","    var resize = options.resize ? options.resize : defaultOptions.resize;","    var outputPath = options.dstPath ? options.dstPath : ","    \t\t\t\t path.dirname(source) + '/watermark' + path.extname(source);","    var  position = null,","    \t    angle = null,","        pointsize = null;","","    // Check if fillColor is specified","    if (ratify.isEmpty(fillColor))","    \tfillColor = defaultOptions.color;","","    // Check if watermark text is specified","    if (ratify.isEmpty(watermarkText))","    \twatermarkText = defaultOptions.text;","","    // Check if position is specified","    if (ratify.isEmpty(position))","    \tposition = defaultOptions.position;","","  \t// Check if image needs to be overriden","  \tif (options['override-image'] && ratify.isBoolean(options['override-image'])","  \t\t&& options['override-image'].toString() === 'true') {","  \t\toutputPath = source;","  \t}","","  \t// Check if output format needs to be changed","  \tif (options['change-format'] && ratify.isBoolean(options['change-format']) &&","  \t\toptions['change-format'].toString() === 'true') {","","  \t\tvar outputFormat = options['output-format'];","","  \t\tif (ratify.isEmpty(outputFormat) || outputFormat.length < 2)","  \t\t\toutputFormat = path.extname(source).substr(1);","","  \t\toutputPath = path.dirname(outputPath) + '/' + ","  \t\t\t\t\t path.basename(outputPath, path.extname(outputPath)) + ","  \t\t\t\t\t '.' + outputFormat;","  \t}","","  \t// Check if extension of output path is valid","  \tif (outputPath) {","","  \t\tvar ext = path.extname(outputPath).substr(1);","","  \t\tif (!ext || ext.length < 2)","  \t\t\toutputPath = path.dirname(outputPath) + '/' + ","  \t\t\t\t\t\t path.basename(outputPath, path.extname(outputPath)) + ","  \t\t\t\t\t\t path.extname(source);","  \t}","","  \tvar pointWidth = width,","  \t\tpointHeight = height;","","  \tif (resize.toString().indexOf('%') == -1) {","  \t\tresize = defaultOptions.resize;","  \t} else {","  \t\tvar resizeFactor = (parseFloat(resize) / 100);","  \t\t","  \t\tpointWidth = width * resizeFactor;","  \t\tpointHeight = height * resizeFactor;","  \t}","","  \tswitch(align) {","  \t\tcase 'ltr'  :","  \t\t\t\t\t\tangle = 0;","  \t\t\t\t\t\tpointsize = (pointWidth / watermarkText.length);","  \t\t\t\t\t\tbreak; ","  \t\tcase 'rtl'  : ","  \t\t\t\t\t\tangle = 180;","  \t\t\t\t\t\tpointsize = (pointWidth / watermarkText.length);","  \t\t\t\t\t\tbreak;","  \t\tcase 'ttb'  :","  \t\t\t\t\t\tangle = 90;","  \t\t\t\t\t\tpointsize = (pointHeight / watermarkText.length);","  \t\t\t\t\t\tbreak;","  \t\tcase 'btt'  :","  \t\t\t\t\t\tangle = 270;","  \t\t\t\t\t\tpointsize = (pointHeight / watermarkText.length);","  \t\t\t\t\t\tbreak;","  \t\tcase 'dia1' :","  \t\t\t\t\t\tangle = (Math.atan(height / width) * (180/Math.PI)) * -1;","  \t\t\t\t\t\tpointsize = Math.sqrt(pointWidth * pointWidth + pointHeight * pointHeight) / watermarkText.length;","  \t\t\t\t\t\tbreak;","  \t\tcase 'dia2' :","  \t\t\t\t\t\tangle = (Math.atan(height / width) * (180/Math.PI));","  \t\t\t\t\t\tvar pointsize = Math.sqrt(pointWidth * pointWidth + pointHeight * pointHeight) / watermarkText.length;","  \t\t\t\t\t\tbreak;","  \t\tdefault     : ","              angle = (Math.atan(height / width) * (180/Math.PI)) * -1;","              pointsize = Math.sqrt(pointWidth * pointWidth + pointHeight * pointHeight) / watermarkText.length;","  \t\t\t\t\t\tbreak;","  \t}","","    var args = [];","    args.push(source); // original img path","    args.push('-size');","    args.push(width + 'x' + height);","    args.push('-resize');","    args.push(resize);","    if (!ratify.isEmpty(font)) {","    \targs.push('-font');","    \targs.push(font);","    }","    args.push('-fill');","    args.push(fillColor);  // color of watermark text","    args.push('-pointsize');","    args.push(pointsize); // this needs to be calculated dynamically based on image size and length of copyright message","    args.push('-gravity');","    args.push(position);    // alignment of watermark text.","    args.push('-annotate');","    args.push(angle);   // angle of watermark message, with respect to X-axis","    args.push(watermarkText);  // copyright text","    args.push(outputPath); // img with embedded watermark","","    retObj.args = args;","    retObj.outputPath = outputPath;","","    return retObj;","}","","function embedWatermark(source, options) {","","\tif (!source || source == '')","\t\tthrow new Error('Image-Watermark::embedWatermark : Specified an invalid image source');","","\t// Check if file exists at the specified path","\tstats = fs.lstatSync(source);","","\tif (!stats.isFile())","\t\tthrow new Error('Image-Watermark::embedWatermark : Image does not exists at : ' + source);\t\t","","\t// If options are not properly specified, use default options","\tif (!options || typeof options !== 'object')","\t\toptions = defaultOptions;","","\t// If we reach here that means file exists","\tim.identify(source, function (err, imageData) {","\t  if (err)","\t  \tthrow new Error('Image-Watermark::embedWatermark : Unable to process image file : ' + err);","","\t  var retObj = _parseOptions(imageData, source, options);","","\t  im.convert(retObj.args, function(err, stdout) {","\t  \tif (err)","\t    \tconsole.log('Image-Watermark::embedWatermark : Error in applying watermark : ' + err);","\t    else ","\t      \tconsole.log('Image-Watermark::embedWatermark : Successfully applied watermark. Please check it at :\\n ' + retObj.outputPath);","\t  });","\t});","}","","function embedWatermarkWithCb(source, options, callback) {","","\tvar error;","\t","\tif ((arguments.length < 2) ||","\t\t(arguments.length === 2 && !ratify.isFunction(arguments[1])) ||","\t\t(arguments.length > 2 && !ratify.isFunction(arguments[2]))) {","\t\tthrow new Error('Image-Watermark::embedWatermarkWithCb : Invalid arguments to method embedWatermarkWithCb');","\t} else if (arguments.length === 2 && ratify.isFunction(arguments[1])) {","\t\tcallback = arguments[1];","\t\toptions = null;","\t}","","\tif (!source || source == '') {","\t\terror = new Error('Image-Watermark::embedWatermarkWithCb : Specified an invalid image source');","\t\treturn callback(error);","\t}","","\t// Check if file exists at the specified path","\tfs.lstat(source, function(err, stats) {","\t\tif (err || !stats.isFile()) {","\t\t\terror = new Error('Image-Watermark::embedWatermarkWithCb : Image file doesn\\'t exists at ' + source);","\t\t\treturn callback(error);","\t\t} else if (!err) {","","\t\t\t// If options are not properly specified, use default options","\t\t\tif (!options || typeof options !== 'object')","\t\t\t\toptions = defaultOptions;","","\t\t\t// If we reach here that means file exists","\t\t\tim.identify(source, function (err, imageData) {","\t\t\t\tif (err) {","\t\t\t  \t\terror = new Error('Image-Watermark::embedWatermarkWithCb : Unable to process image file : ' + err);","\t\t\t  \t\treturn callback(error);","\t\t\t  \t}","","\t\t\t  \tvar retObj = _parseOptions(imageData, source, options);","","\t\t        im.convert(retObj.args, function(err, stdout) {","\t\t            if (err) {","\t\t            \terror = new Error('Image-Watermark::embedWatermarkWithCb : Error in applying watermark : ' + err);","\t\t            \treturn callback(error);","\t\t            } else {","\t\t            \tconsole.log('Image-Watermark::embedWatermarkWithCb : Successfully applied watermark. Please check it at :\\n ' + retObj.outputPath);","\t\t            \treturn callback(null);","\t\t            }","\t\t        });","\t\t\t});","\t\t}","\t});","\t","\treturn;","}","","","exports = module.exports = {","\tembedWatermark \t\t    : embedWatermark,","\tembedWatermarkWithCb  : embedWatermarkWithCb,","\tversion\t\t   \t\t      : JSON.parse(","  \t\t\t\t\t\t\t           require('fs').readFileSync(__dirname + '/package.json', 'utf8')","\t\t\t\t\t \t               ).version","};",""],"l":{"9":1,"14":1,"30":1,"31":0,"32":0,"42":0,"43":0,"45":0,"48":1,"50":0,"52":0,"53":0,"54":0,"55":0,"56":0,"57":0,"58":0,"59":0,"61":0,"66":0,"67":0,"70":0,"71":0,"74":0,"75":0,"78":0,"80":0,"84":0,"87":0,"89":0,"90":0,"92":0,"98":0,"100":0,"102":0,"103":0,"108":0,"111":0,"112":0,"114":0,"116":0,"117":0,"120":0,"122":0,"123":0,"124":0,"126":0,"127":0,"128":0,"130":0,"131":0,"132":0,"134":0,"135":0,"136":0,"138":0,"139":0,"140":0,"142":0,"143":0,"144":0,"146":0,"147":0,"148":0,"151":0,"152":0,"153":0,"154":0,"155":0,"156":0,"157":0,"158":0,"159":0,"161":0,"162":0,"163":0,"164":0,"165":0,"166":0,"167":0,"168":0,"169":0,"170":0,"172":0,"173":0,"175":0,"178":1,"180":0,"181":0,"184":0,"186":0,"187":0,"190":0,"191":0,"194":0,"195":0,"196":0,"198":0,"200":0,"201":0,"202":0,"204":0,"209":1,"211":0,"213":0,"216":0,"217":0,"218":0,"219":0,"222":0,"223":0,"224":0,"228":0,"229":0,"230":0,"231":0,"232":0,"235":0,"236":0,"239":0,"240":0,"241":0,"242":0,"245":0,"247":0,"248":0,"249":0,"250":0,"252":0,"253":0,"260":0,"264":1}}}